<?xml version="1.0" encoding="UTF-8"?>
<testng-results ignored="0" total="1" passed="1" failed="0" skipped="0">
  <reporter-output>
  </reporter-output>
  <suite started-at="2025-03-10T12:27:20 IST" name="Default suite" finished-at="2025-03-10T12:27:35 IST" duration-ms="15249">
    <groups>
      <group name="cucumber">
        <method signature="AbstractTestNGCucumberTests.runScenario(io.cucumber.testng.PickleWrapper,io.cucumber.testng.FeatureWrapper)[pri:0, instance:configuration.runner.Mars_Metrics_runner@43dac38f]" name="runScenario" class="io.cucumber.testng.AbstractTestNGCucumberTests"/>
      </group> <!-- cucumber -->
    </groups>
    <test started-at="2025-03-10T12:27:20 IST" name="Default test" finished-at="2025-03-10T12:27:35 IST" duration-ms="15249">
      <class name="configuration.runner.Mars_Metrics_runner">
        <test-method is-config="true" signature="setUpClass(org.testng.ITestContext)[pri:0, instance:configuration.runner.Mars_Metrics_runner@43dac38f]" started-at="2025-03-10T12:27:20 IST" name="setUpClass" finished-at="2025-03-10T12:27:21 IST" duration-ms="907" status="PASS">
          <params>
            <param index="0">
              <value>
                <![CDATA[org.testng.TestRunner@2822c6ff]]>
              </value>
            </param>
          </params>
          <reporter-output>
          </reporter-output>
        </test-method> <!-- setUpClass -->
        <test-method signature="runScenario(io.cucumber.testng.PickleWrapper,io.cucumber.testng.FeatureWrapper)[pri:0, instance:configuration.runner.Mars_Metrics_runner@43dac38f]" started-at="2025-03-10T12:27:21 IST" name="runScenario" description="Runs Cucumber Scenarios" data-provider="scenarios" finished-at="2025-03-10T12:27:35 IST" duration-ms="14231" status="PASS">
          <params>
            <param index="0">
              <value>
                <![CDATA["verify Import spreadsheet For Metadata popup is open to enter metadata name and load file"]]>
              </value>
            </param>
            <param index="1">
              <value>
                <![CDATA["Define Object page"]]>
              </value>
            </param>
          </params>
          <reporter-output>
          </reporter-output>
        </test-method> <!-- runScenario -->
        <test-method is-config="true" signature="tearDownClass()[pri:0, instance:configuration.runner.Mars_Metrics_runner@43dac38f]" started-at="2025-03-10T12:27:35 IST" name="tearDownClass" finished-at="2025-03-10T12:27:35 IST" duration-ms="29" status="PASS">
          <reporter-output>
          </reporter-output>
        </test-method> <!-- tearDownClass -->
      </class> <!-- configuration.runner.Mars_Metrics_runner -->
    </test> <!-- Default test -->
  </suite> <!-- Default suite -->
</testng-results>
