<?xml version="1.0" encoding="UTF-8"?>
<!-- Generated by org.testng.reporters.JUnitReportReporter -->
<testsuite hostname="FoziyaShaikh" failures="0" tests="1" name="configuration.runner.Mars_Metrics_runner" time="52.373" errors="1" timestamp="2025-03-24T10:36:55 SAST" skipped="0">
  <testcase classname="configuration.runner.Mars_Metrics_runner" name="runScenario" time="52.373">
    <error message="Error {
  message=&#039;Timeout 30000ms exceeded.
  name=&#039;TimeoutError
  stack=&#039;TimeoutError: Timeout 30000ms exceeded.
    at ProgressController.run (C:\Users\foziy\AppData\Local\Temp\playwright-java-17663422339927912327\package\lib\server\progress.js:87:26)
    at Frame._callOnElementOnceMatches (C:\Users\foziy\AppData\Local\Temp\playwright-java-17663422339927912327\package\lib\server\frames.js:1399:23)
    at Frame.textContent (C:\Users\foziy\AppData\Local\Temp\playwright-java-17663422339927912327\package\lib\server\frames.js:1056:17)
    at FrameDispatcher.textContent (C:\Users\foziy\AppData\Local\Temp\playwright-java-17663422339927912327\package\lib\server\dispatchers\frameDispatcher.js:179:37)
    at FrameDispatcher._handleCommand (C:\Users\foziy\AppData\Local\Temp\playwright-java-17663422339927912327\package\lib\server\dispatchers\dispatcher.js:94:40)
    at DispatcherConnection.dispatch (C:\Users\foziy\AppData\Local\Temp\playwright-java-17663422339927912327\package\lib\server\dispatchers\dispatcher.js:362:39)
}
Call log:
- waiting for locator(&quot;//span[@class=\&quot;-totalPages\&quot;]&quot;)
" type="com.microsoft.playwright.TimeoutError">
      <![CDATA[com.microsoft.playwright.TimeoutError: Error {
  message='Timeout 30000ms exceeded.
  name='TimeoutError
  stack='TimeoutError: Timeout 30000ms exceeded.
    at ProgressController.run (C:\Users\foziy\AppData\Local\Temp\playwright-java-17663422339927912327\package\lib\server\progress.js:87:26)
    at Frame._callOnElementOnceMatches (C:\Users\foziy\AppData\Local\Temp\playwright-java-17663422339927912327\package\lib\server\frames.js:1399:23)
    at Frame.textContent (C:\Users\foziy\AppData\Local\Temp\playwright-java-17663422339927912327\package\lib\server\frames.js:1056:17)
    at FrameDispatcher.textContent (C:\Users\foziy\AppData\Local\Temp\playwright-java-17663422339927912327\package\lib\server\dispatchers\frameDispatcher.js:179:37)
    at FrameDispatcher._handleCommand (C:\Users\foziy\AppData\Local\Temp\playwright-java-17663422339927912327\package\lib\server\dispatchers\dispatcher.js:94:40)
    at DispatcherConnection.dispatch (C:\Users\foziy\AppData\Local\Temp\playwright-java-17663422339927912327\package\lib\server\dispatchers\dispatcher.js:362:39)
}
Call log:
- waiting for locator("//span[@class=\"-totalPages\"]")

at com.microsoft.playwright.impl.WaitableResult.get(WaitableResult.java:52)
at com.microsoft.playwright.impl.ChannelOwner.runUntil(ChannelOwner.java:120)
at com.microsoft.playwright.impl.Connection.sendMessage(Connection.java:129)
at com.microsoft.playwright.impl.ChannelOwner.sendMessage(ChannelOwner.java:106)
at com.microsoft.playwright.impl.FrameImpl.textContentImpl(FrameImpl.java:818)
at com.microsoft.playwright.impl.FrameImpl.lambda$textContent$38(FrameImpl.java:809)
at com.microsoft.playwright.impl.LoggingSupport.withLogging(LoggingSupport.java:47)
at com.microsoft.playwright.impl.ChannelOwner.withLogging(ChannelOwner.java:89)
at com.microsoft.playwright.impl.FrameImpl.textContent(FrameImpl.java:809)
at com.microsoft.playwright.impl.LocatorImpl.textContent(LocatorImpl.java:566)
at com.microsoft.playwright.Locator.textContent(Locator.java:5090)
at mars.metrics.defineobject.stepdefinitions.Object_Maps_Step_def.it_will_open_define_object_edit_page(Object_Maps_Step_def.java:73)
at ✽.it will open Define Object edit page(file:///C:/Users/foziy/eclipse-workspace/Kinitro-QA-Automation-playwright/Kinitro-QA-Automation-playwright/Features/Mars_Matrics/Object_Map_Page.feature:13)
Caused by: com.microsoft.playwright.TimeoutError: Error {
  message='Timeout 30000ms exceeded.
  name='TimeoutError
  stack='TimeoutError: Timeout 30000ms exceeded.
    at ProgressController.run (C:\Users\foziy\AppData\Local\Temp\playwright-java-17663422339927912327\package\lib\server\progress.js:87:26)
    at Frame._callOnElementOnceMatches (C:\Users\foziy\AppData\Local\Temp\playwright-java-17663422339927912327\package\lib\server\frames.js:1399:23)
    at Frame.textContent (C:\Users\foziy\AppData\Local\Temp\playwright-java-17663422339927912327\package\lib\server\frames.js:1056:17)
    at FrameDispatcher.textContent (C:\Users\foziy\AppData\Local\Temp\playwright-java-17663422339927912327\package\lib\server\dispatchers\frameDispatcher.js:179:37)
    at FrameDispatcher._handleCommand (C:\Users\foziy\AppData\Local\Temp\playwright-java-17663422339927912327\package\lib\server\dispatchers\dispatcher.js:94:40)
    at DispatcherConnection.dispatch (C:\Users\foziy\AppData\Local\Temp\playwright-java-17663422339927912327\package\lib\server\dispatchers\dispatcher.js:362:39)
}
Call log:
- waiting for locator("//span[@class=\"-totalPages\"]")

at com.microsoft.playwright.impl.Connection.dispatch(Connection.java:252)
at com.microsoft.playwright.impl.Connection.processOneMessage(Connection.java:209)
at com.microsoft.playwright.impl.ChannelOwner.runUntil(ChannelOwner.java:118)
at com.microsoft.playwright.impl.Connection.sendMessage(Connection.java:129)
at com.microsoft.playwright.impl.ChannelOwner.sendMessage(ChannelOwner.java:106)
at com.microsoft.playwright.impl.FrameImpl.textContentImpl(FrameImpl.java:818)
at com.microsoft.playwright.impl.FrameImpl.lambda$textContent$38(FrameImpl.java:809)
at com.microsoft.playwright.impl.LoggingSupport.withLogging(LoggingSupport.java:47)
at com.microsoft.playwright.impl.ChannelOwner.withLogging(ChannelOwner.java:89)
at com.microsoft.playwright.impl.FrameImpl.textContent(FrameImpl.java:809)
at com.microsoft.playwright.impl.LocatorImpl.textContent(LocatorImpl.java:566)
at com.microsoft.playwright.Locator.textContent(Locator.java:5090)
at mars.metrics.defineobject.stepdefinitions.Object_Maps_Step_def.it_will_open_define_object_edit_page(Object_Maps_Step_def.java:73)
at java.base/jdk.internal.reflect.DirectMethodHandleAccessor.invoke(DirectMethodHandleAccessor.java:103)
at java.base/java.lang.reflect.Method.invoke(Method.java:580)
at io.cucumber.java.Invoker.doInvoke(Invoker.java:66)
at io.cucumber.java.Invoker.invoke(Invoker.java:24)
at io.cucumber.java.AbstractGlueDefinition.invokeMethod(AbstractGlueDefinition.java:47)
at io.cucumber.java.JavaStepDefinition.execute(JavaStepDefinition.java:29)
at io.cucumber.core.runner.CoreStepDefinition.execute(CoreStepDefinition.java:66)
at io.cucumber.core.runner.PickleStepDefinitionMatch.runStep(PickleStepDefinitionMatch.java:63)
at io.cucumber.core.runner.ExecutionMode$1.execute(ExecutionMode.java:10)
at io.cucumber.core.runner.TestStep.executeStep(TestStep.java:84)
at io.cucumber.core.runner.TestStep.run(TestStep.java:56)
at io.cucumber.core.runner.PickleStepTestStep.run(PickleStepTestStep.java:51)
at io.cucumber.core.runner.TestCase.run(TestCase.java:84)
at io.cucumber.core.runner.Runner.runPickle(Runner.java:75)
at io.cucumber.testng.TestNGCucumberRunner.lambda$runScenario$1(TestNGCucumberRunner.java:132)
at io.cucumber.core.runtime.CucumberExecutionContext.lambda$runTestCase$5(CucumberExecutionContext.java:137)
at io.cucumber.core.runtime.RethrowingThrowableCollector.executeAndThrow(RethrowingThrowableCollector.java:23)
at io.cucumber.core.runtime.CucumberExecutionContext.runTestCase(CucumberExecutionContext.java:137)
at io.cucumber.testng.TestNGCucumberRunner.runScenario(TestNGCucumberRunner.java:129)
at io.cucumber.testng.AbstractTestNGCucumberTests.runScenario(AbstractTestNGCucumberTests.java:35)
at java.base/jdk.internal.reflect.DirectMethodHandleAccessor.invoke(DirectMethodHandleAccessor.java:103)
at java.base/java.lang.reflect.Method.invoke(Method.java:580)
at org.testng.internal.invokers.MethodInvocationHelper.invokeMethod(MethodInvocationHelper.java:139)
at org.testng.internal.invokers.TestInvoker.invokeMethod(TestInvoker.java:664)
at org.testng.internal.invokers.TestInvoker.invokeTestMethod(TestInvoker.java:228)
at org.testng.internal.invokers.MethodRunner.runInSequence(MethodRunner.java:63)
at org.testng.internal.invokers.TestInvoker$MethodInvocationAgent.invoke(TestInvoker.java:961)
at org.testng.internal.invokers.TestInvoker.invokeTestMethods(TestInvoker.java:201)
at org.testng.internal.invokers.TestMethodWorker.invokeTestMethods(TestMethodWorker.java:148)
at org.testng.internal.invokers.TestMethodWorker.run(TestMethodWorker.java:128)
at java.base/java.util.ArrayList.forEach(ArrayList.java:1596)
at org.testng.TestRunner.privateRun(TestRunner.java:819)
at org.testng.TestRunner.run(TestRunner.java:619)
at org.testng.SuiteRunner.runTest(SuiteRunner.java:443)
at org.testng.SuiteRunner.runSequentially(SuiteRunner.java:437)
at org.testng.SuiteRunner.privateRun(SuiteRunner.java:397)
at org.testng.SuiteRunner.run(SuiteRunner.java:336)
at org.testng.SuiteRunnerWorker.runSuite(SuiteRunnerWorker.java:52)
at org.testng.SuiteRunnerWorker.run(SuiteRunnerWorker.java:95)
at org.testng.TestNG.runSuitesSequentially(TestNG.java:1301)
at org.testng.TestNG.runSuitesLocally(TestNG.java:1228)
at org.testng.TestNG.runSuites(TestNG.java:1134)
at org.testng.TestNG.run(TestNG.java:1101)
at org.testng.remote.AbstractRemoteTestNG.run(AbstractRemoteTestNG.java:115)
at org.testng.remote.RemoteTestNG.initAndRun(RemoteTestNG.java:293)
at org.testng.remote.RemoteTestNG.main(RemoteTestNG.java:91)
]]>
    </error>
  </testcase> <!-- runScenario -->
</testsuite> <!-- configuration.runner.Mars_Metrics_runner -->
